C:\Projects\DRC_Dev\AvtS6LX9MicroBoard_SW201_LwIP_Apps_14_4_01\xps\implementation\system.ngc 1363739517
C:/Projects/DRC_Dev/AvtS6LX9MicroBoard_SW201_LwIP_Apps_14_4_01/xps/implementation/system_ethernet_mac_wrapper.ngc 1363739466
C:/Projects/DRC_Dev/AvtS6LX9MicroBoard_SW201_LwIP_Apps_14_4_01/xps/implementation/system_dip_switches_4bits_wrapper.ngc 1363739466
C:/Projects/DRC_Dev/AvtS6LX9MicroBoard_SW201_LwIP_Apps_14_4_01/xps/implementation/system_usb_uart_wrapper.ngc 1363739466
C:/Projects/DRC_Dev/AvtS6LX9MicroBoard_SW201_LwIP_Apps_14_4_01/xps/implementation/system_proc_sys_reset_0_wrapper.ngc 1363739466
C:/Projects/DRC_Dev/AvtS6LX9MicroBoard_SW201_LwIP_Apps_14_4_01/xps/implementation/system_clock_generator_0_wrapper.ngc 1363739497
C:/Projects/DRC_Dev/AvtS6LX9MicroBoard_SW201_LwIP_Apps_14_4_01/xps/implementation/system_microblaze_0_ilmb_wrapper.ngc 1363739466
C:/Projects/DRC_Dev/AvtS6LX9MicroBoard_SW201_LwIP_Apps_14_4_01/xps/implementation/system_microblaze_0_dlmb_wrapper.ngc 1363739466
C:/Projects/DRC_Dev/AvtS6LX9MicroBoard_SW201_LwIP_Apps_14_4_01/xps/implementation/system_mcb3_lpddr_wrapper.ngc 1363739466
C:/Projects/DRC_Dev/AvtS6LX9MicroBoard_SW201_LwIP_Apps_14_4_01/xps/implementation/system_axi4lite_0_wrapper.ngc 1363739466
C:/Projects/DRC_Dev/AvtS6LX9MicroBoard_SW201_LwIP_Apps_14_4_01/xps/implementation/system_axi4_0_wrapper.ngc 1363739466
C:/Projects/DRC_Dev/AvtS6LX9MicroBoard_SW201_LwIP_Apps_14_4_01/xps/implementation/system_microblaze_0_wrapper.ngc 1363739466
C:/Projects/DRC_Dev/AvtS6LX9MicroBoard_SW201_LwIP_Apps_14_4_01/xps/implementation/system_microblaze_0_intc_wrapper.ngc 1363739466
C:/Projects/DRC_Dev/AvtS6LX9MicroBoard_SW201_LwIP_Apps_14_4_01/xps/implementation/system_microblaze_0_i_bram_ctrl_wrapper.ngc 1363739480
C:/Projects/DRC_Dev/AvtS6LX9MicroBoard_SW201_LwIP_Apps_14_4_01/xps/implementation/system_microblaze_0_d_bram_ctrl_wrapper.ngc 1363739486
C:/Projects/DRC_Dev/AvtS6LX9MicroBoard_SW201_LwIP_Apps_14_4_01/xps/implementation/system_debug_module_wrapper.ngc 1363739466
C:/Projects/DRC_Dev/AvtS6LX9MicroBoard_SW201_LwIP_Apps_14_4_01/xps/implementation/system_axi_timer_0_wrapper.ngc 1363739466
C:/Projects/DRC_Dev/AvtS6LX9MicroBoard_SW201_LwIP_Apps_14_4_01/xps/implementation/system_leds_4bits_wrapper.ngc 1363739466
C:/Projects/DRC_Dev/AvtS6LX9MicroBoard_SW201_LwIP_Apps_14_4_01/xps/implementation/system_microblaze_0_bram_block_wrapper.ngc 1363739466
OK
